[GIN] 2024/01/10 - 21:14:42 | 200 |    6.878854ms |             ::1 | POST     "/api/supplier/store-selling-are"
[GIN-debug] [WARNING] Creating an Engine instance with the Logger and Recovery middleware already attached.

[GIN-debug] [WARNING] Running in "debug" mode. Switch to "release" mode in production.
 - using env:	export GIN_MODE=release
 - using code:	gin.SetMode(gin.ReleaseMode)

[GIN-debug] POST   /api/user/register        --> rest-api/controller/user.Register (3 handlers)
[GIN-debug] POST   /api/user/login           --> rest-api/controller/user.Login (3 handlers)
[GIN-debug] POST   /api/user/address         --> rest-api/controller/user.Address (4 handlers)
[GIN-debug] GET    /api/user/address         --> rest-api/controller/user.GetAddress (4 handlers)
[GIN-debug] POST   /api/user/product         --> rest-api/controller/user.GetProduct (4 handlers)
[GIN-debug] POST   /api/supplier/register    --> rest-api/controller/supplier.Register (3 handlers)
[GIN-debug] POST   /api/supplier/login       --> rest-api/controller/supplier.Login (3 handlers)
[GIN-debug] POST   /api/supplier/store       --> rest-api/controller/supplier.RegisterStore (4 handlers)
[GIN-debug] POST   /api/supplier/store-selling-are --> rest-api/controller/supplier.SellingArea (4 handlers)
[GIN-debug] POST   /api/supplier/product     --> rest-api/controller/supplier.CreateProduct (4 handlers)
[GIN-debug] GET    /api/supplier/product     --> rest-api/controller/supplier.GetProduct (4 handlers)
[GIN-debug] [WARNING] You trusted all proxies, this is NOT safe. We recommend you to set a value.
Please check https://pkg.go.dev/github.com/gin-gonic/gin#readme-don-t-trust-all-proxies for details.
[GIN-debug] Listening and serving HTTP on :8080
[GIN] 2024/01/10 - 21:15:31 | 200 |   11.695077ms |             ::1 | POST     "/api/supplier/store-selling-are"
[GIN] 2024/01/10 - 21:15:32 | 200 |    7.703417ms |             ::1 | POST     "/api/supplier/store-selling-are"
[GIN-debug] [WARNING] Creating an Engine instance with the Logger and Recovery middleware already attached.

[GIN-debug] [WARNING] Running in "debug" mode. Switch to "release" mode in production.
 - using env:	export GIN_MODE=release
 - using code:	gin.SetMode(gin.ReleaseMode)

[GIN-debug] POST   /api/user/register        --> rest-api/controller/user.Register (3 handlers)
[GIN-debug] POST   /api/user/login           --> rest-api/controller/user.Login (3 handlers)
[GIN-debug] POST   /api/user/address         --> rest-api/controller/user.Address (4 handlers)
[GIN-debug] GET    /api/user/address         --> rest-api/controller/user.GetAddress (4 handlers)
[GIN-debug] POST   /api/user/product         --> rest-api/controller/user.GetProduct (4 handlers)
[GIN-debug] POST   /api/supplier/register    --> rest-api/controller/supplier.Register (3 handlers)
[GIN-debug] POST   /api/supplier/login       --> rest-api/controller/supplier.Login (3 handlers)
[GIN-debug] POST   /api/supplier/store       --> rest-api/controller/supplier.RegisterStore (4 handlers)
[GIN-debug] POST   /api/supplier/store-selling-are --> rest-api/controller/supplier.SellingArea (4 handlers)
[GIN-debug] POST   /api/supplier/product     --> rest-api/controller/supplier.CreateProduct (4 handlers)
[GIN-debug] GET    /api/supplier/product     --> rest-api/controller/supplier.GetProduct (4 handlers)
[GIN-debug] [WARNING] You trusted all proxies, this is NOT safe. We recommend you to set a value.
Please check https://pkg.go.dev/github.com/gin-gonic/gin#readme-don-t-trust-all-proxies for details.
[GIN-debug] Listening and serving HTTP on :8080
[GIN] 2024/01/10 - 21:15:42 | 200 |    5.271978ms |             ::1 | POST     "/api/supplier/store-selling-are"
[GIN-debug] [WARNING] Creating an Engine instance with the Logger and Recovery middleware already attached.

[GIN-debug] [WARNING] Running in "debug" mode. Switch to "release" mode in production.
 - using env:	export GIN_MODE=release
 - using code:	gin.SetMode(gin.ReleaseMode)

[GIN-debug] POST   /api/user/register        --> rest-api/controller/user.Register (3 handlers)
[GIN-debug] POST   /api/user/login           --> rest-api/controller/user.Login (3 handlers)
[GIN-debug] POST   /api/user/address         --> rest-api/controller/user.Address (4 handlers)
[GIN-debug] GET    /api/user/address         --> rest-api/controller/user.GetAddress (4 handlers)
[GIN-debug] POST   /api/user/product         --> rest-api/controller/user.GetProduct (4 handlers)
[GIN-debug] POST   /api/supplier/register    --> rest-api/controller/supplier.Register (3 handlers)
[GIN-debug] POST   /api/supplier/login       --> rest-api/controller/supplier.Login (3 handlers)
[GIN-debug] POST   /api/supplier/store       --> rest-api/controller/supplier.RegisterStore (4 handlers)
[GIN-debug] POST   /api/supplier/store-selling-are --> rest-api/controller/supplier.SellingArea (4 handlers)
[GIN-debug] POST   /api/supplier/product     --> rest-api/controller/supplier.CreateProduct (4 handlers)
[GIN-debug] GET    /api/supplier/product     --> rest-api/controller/supplier.GetProduct (4 handlers)
[GIN-debug] [WARNING] You trusted all proxies, this is NOT safe. We recommend you to set a value.
Please check https://pkg.go.dev/github.com/gin-gonic/gin#readme-don-t-trust-all-proxies for details.
[GIN-debug] Listening and serving HTTP on :8080
[GIN] 2024/01/10 - 21:16:14 | 200 |   20.421054ms |             ::1 | POST     "/api/supplier/store-selling-are"
[GIN] 2024/01/10 - 21:16:20 | 200 |   13.598655ms |             ::1 | POST     "/api/supplier/store-selling-are"
[GIN] 2024/01/10 - 21:16:26 | 200 |   13.220399ms |             ::1 | POST     "/api/supplier/store-selling-are"
[GIN] 2024/01/10 - 21:16:27 | 200 |    7.326147ms |             ::1 | POST     "/api/supplier/store-selling-are"
[GIN] 2024/01/10 - 21:16:35 | 200 |   18.665956ms |             ::1 | POST     "/api/supplier/store-selling-are"
